2025-11-23 19:36:46,861 - main - INFO - AI Service starting up...
2025-11-23 19:36:46,861 - main - INFO - Database connection established
2025-11-23 19:36:46,869 - main - INFO - AI Service startup completed successfully
2025-11-23 19:37:11,344 - main - INFO - AI Service shutting down...
2025-11-23 19:37:11,344 - main - INFO - AI Service shutdown completed
2025-11-23 19:43:01,152 - main - INFO - AI Service starting up...
2025-11-23 19:43:01,152 - main - INFO - Database connection established
2025-11-23 19:43:01,160 - main - INFO - AI Service startup completed successfully
2025-11-23 19:45:23,868 - main - INFO - AI Service shutting down...
2025-11-23 19:45:23,868 - main - INFO - AI Service shutdown completed
2025-11-23 19:45:54,764 - main - INFO - AI Service starting up...
2025-11-23 19:45:54,764 - main - INFO - Database connection established
2025-11-23 19:45:54,764 - main - INFO - AI Service startup completed successfully
2025-11-23 19:46:07,877 - main - INFO - AI Service shutting down...
2025-11-23 19:46:07,877 - main - INFO - AI Service shutdown completed
2025-11-23 19:46:38,164 - main - INFO - AI Service starting up...
2025-11-23 19:46:38,172 - main - INFO - Database connection established
2025-11-23 19:46:38,172 - main - INFO - AI Service startup completed successfully
2025-11-23 19:46:49,547 - main - INFO - AI Service shutting down...
2025-11-23 19:46:49,563 - main - INFO - AI Service shutdown completed
2025-11-23 19:49:08,446 - main - INFO - AI Service starting up...
2025-11-23 19:49:08,446 - main - INFO - Database connection established
2025-11-23 19:49:08,446 - main - INFO - AI Service startup completed successfully
2025-11-23 19:49:17,744 - main - INFO - AI Service shutting down...
2025-11-23 19:49:17,751 - main - INFO - AI Service shutdown completed
2025-11-23 19:49:42,545 - main - INFO - AI Service starting up...
2025-11-23 19:49:42,545 - main - INFO - Database connection established
2025-11-23 19:49:42,545 - main - INFO - AI Service startup completed successfully
2025-11-23 19:49:55,554 - main - INFO - AI Service shutting down...
2025-11-23 19:49:55,554 - main - INFO - AI Service shutdown completed
2025-11-23 19:51:38,588 - main - INFO - AI Service starting up...
2025-11-23 19:51:38,588 - main - INFO - Database connection established
2025-11-23 19:51:38,588 - main - INFO - AI Service startup completed successfully
2025-11-23 19:51:59,103 - main - INFO - AI Service shutting down...
2025-11-23 19:51:59,111 - main - INFO - AI Service shutdown completed
2025-11-23 19:52:56,852 - main - INFO - AI Service starting up...
2025-11-23 19:52:56,860 - main - INFO - Database connection established
2025-11-23 19:52:56,861 - main - INFO - AI Service startup completed successfully
2025-11-23 19:53:12,625 - main - INFO - AI Service shutting down...
2025-11-23 19:53:12,625 - main - INFO - AI Service shutdown completed
2025-11-23 19:53:52,456 - main - INFO - AI Service starting up...
2025-11-23 19:53:52,464 - main - INFO - Database connection established
2025-11-23 19:53:52,464 - main - INFO - AI Service startup completed successfully
2025-11-23 19:54:06,148 - main - WARNING - Received signal: 2
2025-11-23 19:55:08,781 - main - INFO - AI Service starting up...
2025-11-23 19:55:08,781 - main - INFO - Database connection established
2025-11-23 19:55:08,781 - main - INFO - AI Service startup completed successfully
2025-11-23 19:55:08,872 - main - INFO - Self-check: demand_predictor sample rows: 3350
2025-11-23 19:55:08,880 - main - INFO - AI Service shutting down...
2025-11-23 19:55:08,880 - main - INFO - AI Service shutdown completed
2025-11-23 19:56:25,328 - main - INFO - AI Service starting up...
2025-11-23 19:56:25,328 - main - INFO - Database connection established
2025-11-23 19:56:25,336 - main - INFO - AI Service startup completed successfully
2025-11-23 19:56:25,413 - main - INFO - Self-check: demand_predictor sample rows: 3350
2025-11-23 19:56:46,989 - main - WARNING - Received signal: 2
2025-11-23 20:33:49,256 - main - INFO - AI Service starting up...
2025-11-23 20:33:49,257 - main - INFO - Database connection established
2025-11-23 20:33:49,259 - main - INFO - AI Service startup completed successfully
2025-11-23 20:33:49,322 - main - INFO - Self-check: demand_predictor sample rows: 3350
2025-11-23 20:33:49,327 - main - INFO - AI Service shutting down...
2025-11-23 20:33:49,329 - main - INFO - AI Service shutdown completed
2025-11-23 20:36:09,832 - main - INFO - AI Service starting up...
2025-11-23 20:36:09,833 - main - INFO - Database connection established
2025-11-23 20:36:09,834 - main - INFO - AI Service startup completed successfully
2025-11-23 20:36:09,897 - main - INFO - Self-check: demand_predictor sample rows: 3350
2025-11-23 20:36:46,890 - main - INFO - AI Service shutting down...
2025-11-23 20:36:46,895 - main - INFO - AI Service shutdown completed
2025-11-23 20:38:50,843 - main - INFO - AI Service starting up...
2025-11-23 20:38:50,844 - main - INFO - Database connection established
2025-11-23 20:38:50,846 - main - INFO - AI Service startup completed successfully
2025-11-23 20:38:50,902 - main - INFO - Self-check: demand_predictor sample rows: 3350
2025-11-23 20:39:01,482 - main - INFO - /debug/ping called
